# JRE version: Java(TM) SE Runtime Environment (21.0+35) (build 21+35-LTS-2513)
# Java VM: Java HotSpot(TM) 64-Bit Server VM (21+35-LTS-2513, mixed mode, sharing, tiered, compressed oops, compressed class ptrs, g1 gc, windows-amd64)
GC Precious Log:
 CardTable entry size: 512
 Card Set container configuration: InlinePtr #cards 5 size 8 Array Of Cards #cards 12 size 40 Howl #buckets 4 coarsen threshold 1843 Howl Bitmap #cards 512 size 80 coarsen threshold 460 Card regions per heap region 1 cards per card region 2048
 CPUs: 6 total, 6 available
 Memory: 7599M
 Large Page Support: Disabled
 NUMA Support: Disabled
 Compressed Oops: Enabled (32-bit)
 Heap Region Size: 1M
 Heap Min Capacity: 8M
 Heap Initial Capacity: 120M
 Heap Max Capacity: 1900M
 Pre-touch: Disabled
 Parallel Workers: 6
 Concurrent Workers: 2
 Concurrent Refinement Workers: 6
 Periodic GC: Disabled
Heap:
 garbage-first heap   total 123904K, used 65536K [0x0000000089400000, 0x0000000100000000)
  region size 1024K, 3 young (3072K), 3 survivors (3072K)
 Metaspace       used 42809K, committed 43136K, reserved 1114112K
  class space    used 5030K, committed 5184K, reserved 1048576K
GC Heap History (20 events):
Event: 2.840 GC heap after
{Heap after GC invocations=1 (full 0):
 garbage-first heap   total 122880K, used 6080K [0x0000000089400000, 0x0000000100000000)
  region size 1024K, 3 young (3072K), 3 survivors (3072K)
 Metaspace       used 6489K, committed 6656K, reserved 1114112K
  class space    used 668K, committed 768K, reserved 1048576K
}
Event: 4.113 GC heap before
{Heap before GC invocations=1 (full 0):
 garbage-first heap   total 122880K, used 35776K [0x0000000089400000, 0x0000000100000000)
  region size 1024K, 33 young (33792K), 3 survivors (3072K)
 Metaspace       used 14061K, committed 14272K, reserved 1114112K
  class space    used 1557K, committed 1664K, reserved 1048576K
}
Event: 4.123 GC heap after
{Heap after GC invocations=2 (full 0):
 garbage-first heap   total 122880K, used 10697K [0x0000000089400000, 0x0000000100000000)
  region size 1024K, 5 young (5120K), 5 survivors (5120K)
 Metaspace       used 14061K, committed 14272K, reserved 1114112K
  class space    used 1557K, committed 1664K, reserved 1048576K
}
Event: 8.508 GC heap before
{Heap before GC invocations=2 (full 0):
 garbage-first heap   total 122880K, used 59849K [0x0000000089400000, 0x0000000100000000)
  region size 1024K, 54 young (55296K), 5 survivors (5120K)
 Metaspace       used 21265K, committed 21504K, reserved 1114112K
  class space    used 2853K, committed 2944K, reserved 1048576K
}
Event: 8.531 GC heap after
{Heap after GC invocations=3 (full 0):
 garbage-first heap   total 122880K, used 22528K [0x0000000089400000, 0x0000000100000000)
  region size 1024K, 9 young (9216K), 9 survivors (9216K)
 Metaspace       used 21265K, committed 21504K, reserved 1114112K
  class space    used 2853K, committed 2944K, reserved 1048576K
}
Event: 13.623 GC heap before
{Heap before GC invocations=4 (full 0):
 garbage-first heap   total 86016K, used 73728K [0x0000000089400000, 0x0000000100000000)
  region size 1024K, 60 young (61440K), 9 survivors (9216K)
 Metaspace       used 31942K, committed 32320K, reserved 1114112K
  class space    used 3917K, committed 4096K, reserved 1048576K
}
Event: 13.644 GC heap after
{Heap after GC invocations=5 (full 0):
 garbage-first heap   total 91136K, used 29184K [0x0000000089400000, 0x0000000100000000)
  region size 1024K, 6 young (6144K), 6 survivors (6144K)
 Metaspace       used 31942K, committed 32320K, reserved 1114112K
  class space    used 3917K, committed 4096K, reserved 1048576K
}
Event: 13.652 GC heap before
{Heap before GC invocations=5 (full 0):
 garbage-first heap   total 91136K, used 30208K [0x0000000089400000, 0x0000000100000000)
  region size 1024K, 7 young (7168K), 6 survivors (6144K)
 Metaspace       used 32028K, committed 32384K, reserved 1114112K
  class space    used 3921K, committed 4096K, reserved 1048576K
}
Event: 13.664 GC heap after
{Heap after GC invocations=6 (full 0):
 garbage-first heap   total 91136K, used 29696K [0x0000000089400000, 0x0000000100000000)
  region size 1024K, 1 young (1024K), 1 survivors (1024K)
 Metaspace       used 32028K, committed 32384K, reserved 1114112K
  class space    used 3921K, committed 4096K, reserved 1048576K
}
Event: 15.790 GC heap before
{Heap before GC invocations=6 (full 0):
 garbage-first heap   total 91136K, used 58368K [0x0000000089400000, 0x0000000100000000)
  region size 1024K, 31 young (31744K), 1 survivors (1024K)
 Metaspace       used 36551K, committed 36800K, reserved 1114112K
  class space    used 4366K, committed 4480K, reserved 1048576K
}
Event: 15.799 GC heap after
{Heap after GC invocations=7 (full 0):
 garbage-first heap   total 91136K, used 34304K [0x0000000089400000, 0x0000000100000000)
  region size 1024K, 5 young (5120K), 5 survivors (5120K)
 Metaspace       used 36551K, committed 36800K, reserved 1114112K
  class space    used 4366K, committed 4480K, reserved 1048576K
}
Event: 16.592 GC heap before
{Heap before GC invocations=8 (full 0):
 garbage-first heap   total 91136K, used 72192K [0x0000000089400000, 0x0000000100000000)
  region size 1024K, 41 young (41984K), 5 survivors (5120K)
 Metaspace       used 37604K, committed 37888K, reserved 1114112K
  class space    used 4456K, committed 4608K, reserved 1048576K
}
Event: 16.609 GC heap after
{Heap after GC invocations=9 (full 0):
 garbage-first heap   total 91136K, used 46080K [0x0000000089400000, 0x0000000100000000)
  region size 1024K, 6 young (6144K), 6 survivors (6144K)
 Metaspace       used 37604K, committed 37888K, reserved 1114112K
  class space    used 4456K, committed 4608K, reserved 1048576K
}
Event: 17.491 GC heap before
{Heap before GC invocations=9 (full 0):
 garbage-first heap   total 91136K, used 73728K [0x0000000089400000, 0x0000000100000000)
  region size 1024K, 33 young (33792K), 6 survivors (6144K)
 Metaspace       used 39465K, committed 39744K, reserved 1114112K
  class space    used 4659K, committed 4800K, reserved 1048576K
}
Event: 17.504 GC heap after
{Heap after GC invocations=10 (full 0):
 garbage-first heap   total 91136K, used 51200K [0x0000000089400000, 0x0000000100000000)
  region size 1024K, 5 young (5120K), 5 survivors (5120K)
 Metaspace       used 39465K, committed 39744K, reserved 1114112K
  class space    used 4659K, committed 4800K, reserved 1048576K
}
Event: 18.289 GC heap before
{Heap before GC invocations=10 (full 0):
 garbage-first heap   total 91136K, used 75776K [0x0000000089400000, 0x0000000100000000)
  region size 1024K, 29 young (29696K), 5 survivors (5120K)
 Metaspace       used 41540K, committed 41856K, reserved 1114112K
  class space    used 4916K, committed 5056K, reserved 1048576K
}
Event: 18.303 GC heap after
{Heap after GC invocations=11 (full 0):
 garbage-first heap   total 91136K, used 56320K [0x0000000089400000, 0x0000000100000000)
  region size 1024K, 4 young (4096K), 4 survivors (4096K)
 Metaspace       used 41540K, committed 41856K, reserved 1114112K
  class space    used 4916K, committed 5056K, reserved 1048576K
}
Event: 18.771 GC heap before
{Heap before GC invocations=12 (full 0):
 garbage-first heap   total 97280K, used 75776K [0x0000000089400000, 0x0000000100000000)
  region size 1024K, 25 young (25600K), 4 survivors (4096K)
 Metaspace       used 41845K, committed 42176K, reserved 1114112K
  class space    used 4947K, committed 5120K, reserved 1048576K
}
Event: 18.785 GC heap after
{Heap after GC invocations=13 (full 0):
 garbage-first heap   total 97280K, used 61952K [0x0000000089400000, 0x0000000100000000)
  region size 1024K, 4 young (4096K), 4 survivors (4096K)
 Metaspace       used 41845K, committed 42176K, reserved 1114112K
  class space    used 4947K, committed 5120K, reserved 1048576K
}
Event: 19.257 GC heap before
{Heap before GC invocations=13 (full 0):
 garbage-first heap   total 97280K, used 82432K [0x0000000089400000, 0x0000000100000000)
  region size 1024K, 24 young (24576K), 4 survivors (4096K)
 Metaspace       used 42809K, committed 43136K, reserved 1114112K
  class space    used 5030K, committed 5184K, reserved 1048576K
}

